This is XeTeX, Version 3.14159265-2.6-0.99992 (TeX Live 2015/W32TeX) (preloaded format=xelatex 2015.8.18)  22 DEC 2015 11:08
entering extended mode
 restricted \write18 enabled.
 %&-line parsing enabled.
**./sig-alternate-05-2015.cls
(./sig-alternate-05-2015.cls
LaTeX2e <2015/01/01> patch level 2
Babel <3.9m> and hyphenation patterns for 79 languages loaded.

! LaTeX Error: \usepackage before \documentclass.

See the LaTeX manual or LaTeX Companion for explanation.
Type  H <return>  for immediate help.
 ...                                              
                                                  
l.53 \usepackage{
                 epsfig}
? 
! Emergency stop.
 ...                                              
                                                  
l.53 \usepackage{
                 epsfig}
\usepackage may only appear in the document preamble, i.e.,
between \documentclass and \begin{document}.

 
Here is how much of TeX's memory you used:
 9 strings out of 493708
 272 string characters out of 6149019
 53349 words of memory out of 5000000
 3450 multiletter control sequences out of 15000+600000
 3640 words of font info for 14 fonts, out of 8000000 for 9000
 1328 hyphenation exceptions out of 8191
 5i,0n,5p,155b,14s stack positions out of 5000i,500n,10000p,200000b,80000s
No pages of output.
